-------------------------------------------------------------------------------
Test set: com.example.ExampleSpringBootStarterAutoconfigurerApplicationTests
-------------------------------------------------------------------------------
Tests run: 1, Failures: 0, Errors: 1, Skipped: 0, Time elapsed: 0.443 s <<< FAILURE! - in com.example.ExampleSpringBootStarterAutoconfigurerApplicationTests
com.example.ExampleSpringBootStarterAutoconfigurerApplicationTests  Time elapsed: 0.441 s  <<< ERROR!
java.lang.IllegalStateException: Unable to find a @SpringBootConfiguration, you need to use @ContextConfiguration or @SpringBootTest(classes=...) with your test

