<?xml version="1.0" encoding="UTF-8"?>
<testsuite xmlns:xsi="http://www.w3.org/2001/XMLSchema-instance" xsi:noNamespaceSchemaLocation="https://maven.apache.org/surefire/maven-surefire-plugin/xsd/surefire-test-report.xsd" name="com.example.ExampleSpringBootStarterAutoconfigurerApplicationTests" time="0.443" tests="1" errors="1" skipped="0" failures="0">
  <properties>
[...]
</properties>
  <testcase name="com.example.ExampleSpringBootStarterAutoconfigurerApplicationTests" classname="com.example.ExampleSpringBootStarterAutoconfigurerApplicationTests" time="0.441">
    <error message="Unable to find a @SpringBootConfiguration, you need to use @ContextConfiguration or @SpringBootTest(classes=...) with your test" type="java.lang.IllegalStateException">java.lang.IllegalStateException: Unable to find a @SpringBootConfiguration, you need to use @ContextConfiguration or @SpringBootTest(classes=...) with your test
</error>
    <system-out><![CDATA[16:46:27.772 [main] DEBUG org.springframework.test.context.BootstrapUtils - Instantiating CacheAwareContextLoaderDelegate from class [org.springframework.test.context.cache.DefaultCacheAwareContextLoaderDelegate]
16:46:27.790 [main] DEBUG org.springframework.test.context.BootstrapUtils - Instantiating BootstrapContext using constructor [public org.springframework.test.context.support.DefaultBootstrapContext(java.lang.Class,org.springframework.test.context.CacheAwareContextLoaderDelegate)]
16:46:27.838 [main] DEBUG org.springframework.test.context.BootstrapUtils - Instantiating TestContextBootstrapper for test class [com.example.ExampleSpringBootStarterAutoconfigurerApplicationTests] from class [org.springframework.boot.test.context.SpringBootTestContextBootstrapper]
16:46:27.867 [main] INFO org.springframework.boot.test.context.SpringBootTestContextBootstrapper - Neither @ContextConfiguration nor @ContextHierarchy found for test class [com.example.ExampleSpringBootStarterAutoconfigurerApplicationTests], using SpringBootContextLoader
16:46:27.879 [main] DEBUG org.springframework.test.context.support.AbstractContextLoader - Did not detect default resource location for test class [com.example.ExampleSpringBootStarterAutoconfigurerApplicationTests]: class path resource [com/example/ExampleSpringBootStarterAutoconfigurerApplicationTests-context.xml] does not exist
16:46:27.883 [main] DEBUG org.springframework.test.context.support.AbstractContextLoader - Did not detect default resource location for test class [com.example.ExampleSpringBootStarterAutoconfigurerApplicationTests]: class path resource [com/example/ExampleSpringBootStarterAutoconfigurerApplicationTestsContext.groovy] does not exist
16:46:27.884 [main] INFO org.springframework.test.context.support.AbstractContextLoader - Could not detect default resource locations for test class [com.example.ExampleSpringBootStarterAutoconfigurerApplicationTests]: no resource found for suffixes {-context.xml, Context.groovy}.
16:46:27.888 [main] INFO org.springframework.test.context.support.AnnotationConfigContextLoaderUtils - Could not detect default configuration classes for test class [com.example.ExampleSpringBootStarterAutoconfigurerApplicationTests]: ExampleSpringBootStarterAutoconfigurerApplicationTests does not declare any static, non-private, non-final, nested classes annotated with @Configuration.
16:46:27.945 [main] DEBUG org.springframework.test.context.support.ActiveProfilesUtils - Could not find an 'annotation declaring class' for annotation type [org.springframework.test.context.ActiveProfiles] and class [com.example.ExampleSpringBootStarterAutoconfigurerApplicationTests]
16:46:28.054 [main] DEBUG org.springframework.test.context.BootstrapUtils - Instantiating CacheAwareContextLoaderDelegate from class [org.springframework.test.context.cache.DefaultCacheAwareContextLoaderDelegate]
16:46:28.055 [main] DEBUG org.springframework.test.context.BootstrapUtils - Instantiating BootstrapContext using constructor [public org.springframework.test.context.support.DefaultBootstrapContext(java.lang.Class,org.springframework.test.context.CacheAwareContextLoaderDelegate)]
16:46:28.055 [main] DEBUG org.springframework.test.context.BootstrapUtils - Instantiating TestContextBootstrapper for test class [com.example.ExampleSpringBootStarterAutoconfigurerApplicationTests] from class [org.springframework.boot.test.context.SpringBootTestContextBootstrapper]
16:46:28.057 [main] INFO org.springframework.boot.test.context.SpringBootTestContextBootstrapper - Neither @ContextConfiguration nor @ContextHierarchy found for test class [com.example.ExampleSpringBootStarterAutoconfigurerApplicationTests], using SpringBootContextLoader
16:46:28.060 [main] DEBUG org.springframework.test.context.support.AbstractContextLoader - Did not detect default resource location for test class [com.example.ExampleSpringBootStarterAutoconfigurerApplicationTests]: class path resource [com/example/ExampleSpringBootStarterAutoconfigurerApplicationTests-context.xml] does not exist
16:46:28.060 [main] DEBUG org.springframework.test.context.support.AbstractContextLoader - Did not detect default resource location for test class [com.example.ExampleSpringBootStarterAutoconfigurerApplicationTests]: class path resource [com/example/ExampleSpringBootStarterAutoconfigurerApplicationTestsContext.groovy] does not exist
16:46:28.061 [main] INFO org.springframework.test.context.support.AbstractContextLoader - Could not detect default resource locations for test class [com.example.ExampleSpringBootStarterAutoconfigurerApplicationTests]: no resource found for suffixes {-context.xml, Context.groovy}.
16:46:28.061 [main] INFO org.springframework.test.context.support.AnnotationConfigContextLoaderUtils - Could not detect default configuration classes for test class [com.example.ExampleSpringBootStarterAutoconfigurerApplicationTests]: ExampleSpringBootStarterAutoconfigurerApplicationTests does not declare any static, non-private, non-final, nested classes annotated with @Configuration.
16:46:28.065 [main] DEBUG org.springframework.test.context.support.ActiveProfilesUtils - Could not find an 'annotation declaring class' for annotation type [org.springframework.test.context.ActiveProfiles] and class [com.example.ExampleSpringBootStarterAutoconfigurerApplicationTests]
16:46:28.075 [main] DEBUG org.springframework.test.context.BootstrapUtils - Instantiating CacheAwareContextLoaderDelegate from class [org.springframework.test.context.cache.DefaultCacheAwareContextLoaderDelegate]
16:46:28.076 [main] DEBUG org.springframework.test.context.BootstrapUtils - Instantiating BootstrapContext using constructor [public org.springframework.test.context.support.DefaultBootstrapContext(java.lang.Class,org.springframework.test.context.CacheAwareContextLoaderDelegate)]
16:46:28.078 [main] DEBUG org.springframework.test.context.BootstrapUtils - Instantiating TestContextBootstrapper for test class [com.example.ExampleSpringBootStarterAutoconfigurerApplicationTests] from class [org.springframework.boot.test.context.SpringBootTestContextBootstrapper]
16:46:28.082 [main] INFO org.springframework.boot.test.context.SpringBootTestContextBootstrapper - Neither @ContextConfiguration nor @ContextHierarchy found for test class [com.example.ExampleSpringBootStarterAutoconfigurerApplicationTests], using SpringBootContextLoader
16:46:28.083 [main] DEBUG org.springframework.test.context.support.AbstractContextLoader - Did not detect default resource location for test class [com.example.ExampleSpringBootStarterAutoconfigurerApplicationTests]: class path resource [com/example/ExampleSpringBootStarterAutoconfigurerApplicationTests-context.xml] does not exist
16:46:28.084 [main] DEBUG org.springframework.test.context.support.AbstractContextLoader - Did not detect default resource location for test class [com.example.ExampleSpringBootStarterAutoconfigurerApplicationTests]: class path resource [com/example/ExampleSpringBootStarterAutoconfigurerApplicationTestsContext.groovy] does not exist
16:46:28.085 [main] INFO org.springframework.test.context.support.AbstractContextLoader - Could not detect default resource locations for test class [com.example.ExampleSpringBootStarterAutoconfigurerApplicationTests]: no resource found for suffixes {-context.xml, Context.groovy}.
16:46:28.087 [main] INFO org.springframework.test.context.support.AnnotationConfigContextLoaderUtils - Could not detect default configuration classes for test class [com.example.ExampleSpringBootStarterAutoconfigurerApplicationTests]: ExampleSpringBootStarterAutoconfigurerApplicationTests does not declare any static, non-private, non-final, nested classes annotated with @Configuration.
16:46:28.090 [main] DEBUG org.springframework.test.context.support.ActiveProfilesUtils - Could not find an 'annotation declaring class' for annotation type [org.springframework.test.context.ActiveProfiles] and class [com.example.ExampleSpringBootStarterAutoconfigurerApplicationTests]
]]></system-out>
  </testcase>
</testsuite>